Using pre-set license
Built from '2020.2/staging' branch; Version is '2020.2.7f1 (c53830e277f1) revision 12924976'; Using compiler version '192528614'; Build Type 'Release'
OS: 'Windows 10 Home; OS build 18363.1379; Version 1909; 64bit' Language: 'en' Physical Memory: 16310 MB
BatchMode: 1, IsHumanControllingUs: 0, StartBugReporterOnCrash: 0, Is64bit: 1, IsPro: 0

 COMMAND LINE ARGUMENTS:
C:\Program Files\Unity\Hub\Editor\2020.2.7f1\Editor\Unity.exe
-adb2
-batchMode
-noUpm
-name
AssetImportWorker0
-projectPath
D:/steph/Git Desktop/GE2-2020-2021/Game Engines 2 Examples 2021
-logFile
Logs/AssetImportWorker0.log
-srvPort
61273
Successfully changed project path to: D:/steph/Git Desktop/GE2-2020-2021/Game Engines 2 Examples 2021
D:/steph/Git Desktop/GE2-2020-2021/Game Engines 2 Examples 2021
Using Asset Import Pipeline V2.
Refreshing native plugins compatible for Editor in 41.09 ms, found 0 plugins.
Preloading 0 native plugins for Editor in 0.00 ms.
Initialize engine version: 2020.2.7f1 (c53830e277f1)
[Subsystems] Discovering subsystems at path C:/Program Files/Unity/Hub/Editor/2020.2.7f1/Editor/Data/Resources/UnitySubsystems
[Subsystems] Discovering subsystems at path D:/steph/Git Desktop/GE2-2020-2021/Game Engines 2 Examples 2021/Assets
GfxDevice: creating device client; threaded=0
Direct3D:
    Version:  Direct3D 11.0 [level 11.1]
    Renderer: NVIDIA GeForce GTX 1660 Ti (ID=0x2182)
    Vendor:   
    VRAM:     5991 MB
    Driver:   27.21.14.6089
Initialize mono
Mono path[0] = 'C:/Program Files/Unity/Hub/Editor/2020.2.7f1/Editor/Data/Managed'
Mono path[1] = 'C:/Program Files/Unity/Hub/Editor/2020.2.7f1/Editor/Data/MonoBleedingEdge/lib/mono/unityjit'
Mono config path = 'C:/Program Files/Unity/Hub/Editor/2020.2.7f1/Editor/Data/MonoBleedingEdge/etc'
Using monoOptions --debugger-agent=transport=dt_socket,embedding=1,server=y,suspend=n,address=127.0.0.1:56812
Begin MonoManager ReloadAssembly
Registering precompiled unity dll's ...
Register platform support module: C:/Program Files/Unity/Hub/Editor/2020.2.7f1/Editor/Data/PlaybackEngines/WindowsStandaloneSupport/UnityEditor.WindowsStandalone.Extensions.dll
Registered in 0.002483 seconds.
Native extension for WindowsStandalone target not found
Refreshing native plugins compatible for Editor in 33.46 ms, found 0 plugins.
Preloading 0 native plugins for Editor in 0.00 ms.
Invoked RoslynAnalysisRunner static constructor.
RoslynAnalysisRunner will not be running.
RoslynAnalysisRunner has terminated.
Mono: successfully reloaded assembly
- Completed reload, in  1.139 seconds
Platform modules already initialized, skipping
Registering precompiled user dll's ...
Registered in 0.002301 seconds.
Begin MonoManager ReloadAssembly
Native extension for WindowsStandalone target not found
Refreshing native plugins compatible for Editor in 0.43 ms, found 0 plugins.
Preloading 0 native plugins for Editor in 0.00 ms.
Invoked RoslynAnalysisRunner static constructor.
RoslynAnalysisRunner will not be running.
RoslynAnalysisRunner has terminated.
Mono: successfully reloaded assembly
- Completed reload, in  0.997 seconds
Platform modules already initialized, skipping
========================================================================
Worker process is ready to serve import requests
Launched and connected shader compiler UnityShaderCompiler.exe after 0.05 seconds
Refreshing native plugins compatible for Editor in 0.40 ms, found 0 plugins.
Preloading 0 native plugins for Editor in 0.00 ms.
Unloading 1432 Unused Serialized files (Serialized files now loaded: 0)
System memory in use before: 65.2 MB.
System memory in use after: 65.3 MB.

Unloading 33 unused Assets to reduce memory usage. Loaded Objects now: 1862.
Total: 7.503100 ms (FindLiveObjects: 0.177400 ms CreateObjectMapping: 0.040900 ms MarkObjects: 7.204200 ms  DeleteObjects: 0.079600 ms)

========================================================================
Received Import Request.
  path: Assets/Grey.mat
  artifactKey: Guid(bbcbfa2bce4e6124f8489fa65b7ee73a) Importer(815301076,1909f56bfc062723c751e8b465ee728b)
Start importing Assets/Grey.mat using Guid(bbcbfa2bce4e6124f8489fa65b7ee73a) Importer(815301076,1909f56bfc062723c751e8b465ee728b)  -> (artifact id: '5f5e3416ba1a74fd98be8ca979173953') in 0.395133 seconds
  Import took 0.397982 seconds .

========================================================================
Received Import Request.
  Time since last request: 0.000295 seconds.
  path: Assets/Green.mat
  artifactKey: Guid(eb0332c136a05ef46a93eb918a33f9fb) Importer(815301076,1909f56bfc062723c751e8b465ee728b)
Start importing Assets/Green.mat using Guid(eb0332c136a05ef46a93eb918a33f9fb) Importer(815301076,1909f56bfc062723c751e8b465ee728b)  -> (artifact id: 'd6606538d2c87fd79f410edc428c5c0a') in 0.021128 seconds
  Import took 0.023631 seconds .

========================================================================
Received Import Request.
  Time since last request: 0.000206 seconds.
  path: Assets/Red.mat
  artifactKey: Guid(843f6d1cfb3e400488d39e6cdbf16ca6) Importer(815301076,1909f56bfc062723c751e8b465ee728b)
Start importing Assets/Red.mat using Guid(843f6d1cfb3e400488d39e6cdbf16ca6) Importer(815301076,1909f56bfc062723c751e8b465ee728b)  -> (artifact id: '37c27897fee61025fb98aa035dbbf83b') in 0.019511 seconds
  Import took 0.021684 seconds .

========================================================================
Received Import Request.
  Time since last request: 0.000237 seconds.
  path: Assets/Bullet.prefab
  artifactKey: Guid(55a03fbff135bb740a9fd89fbfbc55ba) Importer(815301076,1909f56bfc062723c751e8b465ee728b)
Start importing Assets/Bullet.prefab using Guid(55a03fbff135bb740a9fd89fbfbc55ba) Importer(815301076,1909f56bfc062723c751e8b465ee728b)  -> (artifact id: '3062c013668870e5b538436e617b6f00') in 0.044800 seconds
  Import took 0.047044 seconds .

========================================================================
Received Import Request.
  Time since last request: 0.000194 seconds.
  path: Assets/Blue.mat
  artifactKey: Guid(075238fde891a204ca8b06cb5214ac69) Importer(815301076,1909f56bfc062723c751e8b465ee728b)
Start importing Assets/Blue.mat using Guid(075238fde891a204ca8b06cb5214ac69) Importer(815301076,1909f56bfc062723c751e8b465ee728b)  -> (artifact id: '33eb2055adc2b62020083f54a4dd20c4') in 0.017178 seconds
  Import took 0.019574 seconds .

========================================================================
Received Import Request.
  Time since last request: 0.000208 seconds.
  path: Assets/BlueBullet.prefab
  artifactKey: Guid(a06b093247723e24ba553c7cae351391) Importer(815301076,1909f56bfc062723c751e8b465ee728b)
Start importing Assets/BlueBullet.prefab using Guid(a06b093247723e24ba553c7cae351391) Importer(815301076,1909f56bfc062723c751e8b465ee728b)  -> (artifact id: '1ac13caac3d823328ff5416858640e10') in 0.019029 seconds
  Import took 0.021420 seconds .

========================================================================
Received Import Request.
  Time since last request: 544.975965 seconds.
  path: Assets/Scenes
  artifactKey: Guid(e88556ebbab604a4e808813b6e53b270) Importer(815301076,1909f56bfc062723c751e8b465ee728b)
Start importing Assets/Scenes using Guid(e88556ebbab604a4e808813b6e53b270) Importer(815301076,1909f56bfc062723c751e8b465ee728b)  -> (artifact id: '2261458528d12df44636dc420722f6d4') in 0.013720 seconds
  Import took 0.017716 seconds .

========================================================================
Received Import Request.
  Time since last request: 0.005103 seconds.
  path: Assets/Scenes
  artifactKey: Guid(e88556ebbab604a4e808813b6e53b270) Importer(815301076,1909f56bfc062723c751e8b465ee728b)
Start importing Assets/Scenes using Guid(e88556ebbab604a4e808813b6e53b270) Importer(815301076,1909f56bfc062723c751e8b465ee728b)  -> (artifact id: '2261458528d12df44636dc420722f6d4') in 0.004216 seconds
  Import took 0.008303 seconds .

========================================================================
Received Import Request.
  Time since last request: 8.570537 seconds.
  path: Assets/Scenes/PathFollowing.unity
  artifactKey: Guid(1e10d4fb6ea5e0e488b57816623d7978) Importer(815301076,1909f56bfc062723c751e8b465ee728b)
Start importing Assets/Scenes/PathFollowing.unity using Guid(1e10d4fb6ea5e0e488b57816623d7978) Importer(815301076,1909f56bfc062723c751e8b465ee728b)  -> (artifact id: '1b168511d51db33d1b65b55b2bd7a196') in 0.009137 seconds
  Import took 0.011668 seconds .

========================================================================
Received Prepare
Registering precompiled user dll's ...
Registered in 0.002375 seconds.
Begin MonoManager ReloadAssembly
Native extension for WindowsStandalone target not found
Refreshing native plugins compatible for Editor in 0.47 ms, found 0 plugins.
Preloading 0 native plugins for Editor in 0.00 ms.
Invoked RoslynAnalysisRunner static constructor.
RoslynAnalysisRunner will not be running.
RoslynAnalysisRunner has terminated.
Mono: successfully reloaded assembly
- Completed reload, in  1.045 seconds
Platform modules already initialized, skipping
Refreshing native plugins compatible for Editor in 0.46 ms, found 0 plugins.
Preloading 0 native plugins for Editor in 0.00 ms.
Unloading 1426 Unused Serialized files (Serialized files now loaded: 0)
System memory in use before: 68.5 MB.
System memory in use after: 68.6 MB.

Unloading 24 unused Assets to reduce memory usage. Loaded Objects now: 1906.
Total: 1.772200 ms (FindLiveObjects: 0.177500 ms CreateObjectMapping: 0.035100 ms MarkObjects: 1.541500 ms  DeleteObjects: 0.017100 ms)

