Using pre-set license
Built from '2020.2/staging' branch; Version is '2020.2.7f1 (c53830e277f1) revision 12924976'; Using compiler version '192528614'; Build Type 'Release'
OS: 'Windows 10 Home; OS build 19042.928; Version 2009; 64bit' Language: 'en' Physical Memory: 16310 MB
BatchMode: 1, IsHumanControllingUs: 0, StartBugReporterOnCrash: 0, Is64bit: 1, IsPro: 0

 COMMAND LINE ARGUMENTS:
C:\Program Files\Unity\Hub\Editor\2020.2.7f1\Editor\Unity.exe
-adb2
-batchMode
-noUpm
-name
AssetImportWorker0
-projectPath
D:/steph/Git Desktop/GE2-2020-2021/Game Engines 2 Examples 2021
-logFile
Logs/AssetImportWorker0.log
-srvPort
52749
Successfully changed project path to: D:/steph/Git Desktop/GE2-2020-2021/Game Engines 2 Examples 2021
D:/steph/Git Desktop/GE2-2020-2021/Game Engines 2 Examples 2021
Using Asset Import Pipeline V2.
Refreshing native plugins compatible for Editor in 61.73 ms, found 0 plugins.
Preloading 0 native plugins for Editor in 0.00 ms.
Initialize engine version: 2020.2.7f1 (c53830e277f1)
[Subsystems] Discovering subsystems at path C:/Program Files/Unity/Hub/Editor/2020.2.7f1/Editor/Data/Resources/UnitySubsystems
[Subsystems] Discovering subsystems at path D:/steph/Git Desktop/GE2-2020-2021/Game Engines 2 Examples 2021/Assets
GfxDevice: creating device client; threaded=0
Direct3D:
    Version:  Direct3D 11.0 [level 11.1]
    Renderer: NVIDIA GeForce GTX 1660 Ti (ID=0x2182)
    Vendor:   
    VRAM:     5991 MB
    Driver:   27.21.14.6089
Initialize mono
Mono path[0] = 'C:/Program Files/Unity/Hub/Editor/2020.2.7f1/Editor/Data/Managed'
Mono path[1] = 'C:/Program Files/Unity/Hub/Editor/2020.2.7f1/Editor/Data/MonoBleedingEdge/lib/mono/unityjit'
Mono config path = 'C:/Program Files/Unity/Hub/Editor/2020.2.7f1/Editor/Data/MonoBleedingEdge/etc'
Using monoOptions --debugger-agent=transport=dt_socket,embedding=1,server=y,suspend=n,address=127.0.0.1:56772
Begin MonoManager ReloadAssembly
Registering precompiled unity dll's ...
Register platform support module: C:/Program Files/Unity/Hub/Editor/2020.2.7f1/Editor/Data/PlaybackEngines/WindowsStandaloneSupport/UnityEditor.WindowsStandalone.Extensions.dll
Registered in 0.002649 seconds.
Native extension for WindowsStandalone target not found
Refreshing native plugins compatible for Editor in 50.12 ms, found 0 plugins.
Preloading 0 native plugins for Editor in 0.00 ms.
Invoked RoslynAnalysisRunner static constructor.
RoslynAnalysisRunner will not be running.
RoslynAnalysisRunner has terminated.
Mono: successfully reloaded assembly
- Completed reload, in  1.303 seconds
Platform modules already initialized, skipping
Registering precompiled user dll's ...
Registered in 0.004475 seconds.
Begin MonoManager ReloadAssembly
Native extension for WindowsStandalone target not found
Refreshing native plugins compatible for Editor in 0.45 ms, found 0 plugins.
Preloading 0 native plugins for Editor in 0.00 ms.
Invoked RoslynAnalysisRunner static constructor.
RoslynAnalysisRunner will not be running.
RoslynAnalysisRunner has terminated.
Mono: successfully reloaded assembly
- Completed reload, in  1.018 seconds
Platform modules already initialized, skipping
========================================================================
Worker process is ready to serve import requests
Launched and connected shader compiler UnityShaderCompiler.exe after 0.05 seconds
Refreshing native plugins compatible for Editor in 0.43 ms, found 0 plugins.
Preloading 0 native plugins for Editor in 0.00 ms.
Unloading 1432 Unused Serialized files (Serialized files now loaded: 0)
System memory in use before: 65.3 MB.
System memory in use after: 65.4 MB.

Unloading 33 unused Assets to reduce memory usage. Loaded Objects now: 1862.
Total: 2.061200 ms (FindLiveObjects: 0.209000 ms CreateObjectMapping: 0.039200 ms MarkObjects: 1.727100 ms  DeleteObjects: 0.084400 ms)

========================================================================
Received Import Request.
  path: Assets/Harmonic.cs
  artifactKey: Guid(55fc79b938da3ef48959773e1a3ba59d) Importer(815301076,1909f56bfc062723c751e8b465ee728b)
Start importing Assets/Harmonic.cs using Guid(55fc79b938da3ef48959773e1a3ba59d) Importer(815301076,1909f56bfc062723c751e8b465ee728b)  -> (artifact id: '694e4286d30d39e0c74f7e0ed2cb4c82') in 0.026200 seconds
  Import took 0.054994 seconds .

========================================================================
Received Import Request.
  Time since last request: 0.000247 seconds.
  path: Assets/HarmonicWave.cs
  artifactKey: Guid(54ba08b28aed630479742dd02b292189) Importer(815301076,1909f56bfc062723c751e8b465ee728b)
Start importing Assets/HarmonicWave.cs using Guid(54ba08b28aed630479742dd02b292189) Importer(815301076,1909f56bfc062723c751e8b465ee728b)  -> (artifact id: '8ceeddc183af1ac9587ee59740617f1c') in 0.007911 seconds
  Import took 0.010155 seconds .

========================================================================
Received Import Request.
  Time since last request: 4.211425 seconds.
  path: Assets/StateMachine.cs
  artifactKey: Guid(0784be862c216664c99aed4d58ce434d) Importer(815301076,1909f56bfc062723c751e8b465ee728b)
Start importing Assets/StateMachine.cs using Guid(0784be862c216664c99aed4d58ce434d) Importer(815301076,1909f56bfc062723c751e8b465ee728b)  -> (artifact id: '07c247d3e346cbed09dd5304ee59e1ce') in 0.007899 seconds
  Import took 0.010844 seconds .

========================================================================
Received Import Request.
  Time since last request: 19.532573 seconds.
  path: Assets/PreyController.cs
  artifactKey: Guid(1b609d76640669e4e9d6261a0115cd43) Importer(815301076,1909f56bfc062723c751e8b465ee728b)
Start importing Assets/PreyController.cs using Guid(1b609d76640669e4e9d6261a0115cd43) Importer(815301076,1909f56bfc062723c751e8b465ee728b)  -> (artifact id: '42031f6cc425461e8b50b8dad664a976') in 0.007605 seconds
  Import took 0.010162 seconds .

========================================================================
Received Import Request.
  Time since last request: 79.743097 seconds.
  path: Assets/PredatorController.cs
  artifactKey: Guid(c03dd41c8c1adc84eae4b1e6baf4bc37) Importer(815301076,1909f56bfc062723c751e8b465ee728b)
Start importing Assets/PredatorController.cs using Guid(c03dd41c8c1adc84eae4b1e6baf4bc37) Importer(815301076,1909f56bfc062723c751e8b465ee728b)  -> (artifact id: 'ed4277c6ff907f4474e7e00eeda0f313') in 0.008720 seconds
  Import took 0.011744 seconds .

